c:\users\samim\source\repos\my_t14-snek-start\engine\x64\debug\game.obj
c:\users\samim\source\repos\my_t14-snek-start\engine\x64\debug\mouse.obj
c:\users\samim\source\repos\my_t14-snek-start\engine\x64\debug\spritecodex.obj
c:\users\samim\source\repos\my_t14-snek-start\engine\x64\debug\main.obj
c:\users\samim\source\repos\my_t14-snek-start\engine\x64\debug\board.obj
c:\users\samim\source\repos\my_t14-snek-start\engine\x64\debug\dxerr.obj
c:\users\samim\source\repos\my_t14-snek-start\engine\x64\debug\keyboard.obj
c:\users\samim\source\repos\my_t14-snek-start\engine\x64\debug\snek.obj
c:\users\samim\source\repos\my_t14-snek-start\engine\x64\debug\mainwindow.obj
c:\users\samim\source\repos\my_t14-snek-start\engine\x64\debug\graphics.obj
c:\users\samim\source\repos\my_t14-snek-start\engine\x64\debug\vc142.pdb
c:\users\samim\source\repos\my_t14-snek-start\engine\x64\debug\goal.obj
c:\users\samim\source\repos\my_t14-snek-start\engine\framebufferps.shh
c:\users\samim\source\repos\my_t14-snek-start\engine\framebuffervs.shh
c:\users\samim\source\repos\my_t14-snek-start\x64\debug\engine.exe
c:\users\samim\source\repos\my_t14-snek-start\x64\debug\engine.ilk
c:\users\samim\source\repos\my_t14-snek-start\x64\debug\engine.pdb
c:\users\samim\source\repos\my_t14-snek-start\engine\x64\debug\resource.res
c:\users\samim\source\repos\my_t14-snek-start\engine\x64\debug\vc142.idb
c:\users\samim\source\repos\my_t14-snek-start\engine\x64\debug\engine.tlog\cl.command.1.tlog
c:\users\samim\source\repos\my_t14-snek-start\engine\x64\debug\engine.tlog\cl.read.1.tlog
c:\users\samim\source\repos\my_t14-snek-start\engine\x64\debug\engine.tlog\cl.write.1.tlog
c:\users\samim\source\repos\my_t14-snek-start\engine\x64\debug\engine.tlog\fxc.command.1.tlog
c:\users\samim\source\repos\my_t14-snek-start\engine\x64\debug\engine.tlog\fxc.read.1.tlog
c:\users\samim\source\repos\my_t14-snek-start\engine\x64\debug\engine.tlog\fxc.write.1.tlog
c:\users\samim\source\repos\my_t14-snek-start\engine\x64\debug\engine.tlog\link.command.1.tlog
c:\users\samim\source\repos\my_t14-snek-start\engine\x64\debug\engine.tlog\link.read.1.tlog
c:\users\samim\source\repos\my_t14-snek-start\engine\x64\debug\engine.tlog\link.write.1.tlog
c:\users\samim\source\repos\my_t14-snek-start\engine\x64\debug\engine.tlog\rc.command.1.tlog
c:\users\samim\source\repos\my_t14-snek-start\engine\x64\debug\engine.tlog\rc.read.1.tlog
c:\users\samim\source\repos\my_t14-snek-start\engine\x64\debug\engine.tlog\rc.write.1.tlog
